[debug] PhaseRunner.scala:82 Success [id => gettext.js, phase => typescript] 
[info ] Phase1ReadTypescript.scala:160 Preprocessing TsHelperFile(InFile(/home/olvind/tmp/tso-cache/DefinitelyTyped/types/gettext.js/index.d.ts),FromFolder(InFolder(/home/olvind/tmp/tso-cache/DefinitelyTyped/types/gettext.js),TsIdentLibrarySimple(gettext.js)),TsIdentModule(None,List(gettext.js))) [id => gettext.js, phase => typescript] 
[info ] InferredDefaultModule.scala:39 Inferred module TsIdentModule(None,List(gettext.js)) [id => gettext.js, phase => typescript] 
[warn ] Phase1ReadTypescript.scala:200 Processing TsIdentLibrarySimple(gettext.js) [id => gettext.js, phase => typescript] 
[debug] PhaseRunner.scala:82 Success [id => gettext.js, phase => typescript] 
[warn ] Phase2ToScalaJs.scala:40 Processing gettext.js [id => gettext.js, phase => scala.js] 
[error] PhaseRes.scala:76 Caught exception: next on empty iterator [id => gettext.js, phase => scala.js] java.util.NoSuchElementException: next on empty iterator
	at scala.collection.Iterator$$anon$2.next(Iterator.scala:41)
	at scala.collection.Iterator$$anon$2.next(Iterator.scala:39)
	at scala.collection.IndexedSeqLike$Elements.next(IndexedSeqLike.scala:63)
	at scala.collection.IterableLike.head(IterableLike.scala:109)
	at scala.collection.IterableLike.head$(IterableLike.scala:108)
	at scala.collection.immutable.StringOps.scala$collection$IndexedSeqOptimized$$super$head(StringOps.scala:33)
	at scala.collection.IndexedSeqOptimized.head(IndexedSeqOptimized.scala:129)
	at scala.collection.IndexedSeqOptimized.head$(IndexedSeqOptimized.scala:129)
	at scala.collection.immutable.StringOps.head(StringOps.scala:33)
	at com.olvind.tso.scalajs.ScalaNameEscape$.isValidIdentifier(ScalaNameEscape.scala:21)
	at com.olvind.tso.scalajs.transforms.Companions$.memberParameter(Companions.scala:239)
	at com.olvind.tso.scalajs.transforms.Companions$.$anonfun$generateModule$2(Companions.scala:55)
	at com.olvind.tso.scalajs.transforms.Companions$ByParent.$anonfun$mapNotNone$3(Companions.scala:126)
	at com.olvind.tso.maps$MapOps$.mapNotNone$extension(maps.scala:29)
	at com.olvind.tso.scalajs.transforms.Companions$ByParent.mapNotNone(Companions.scala:126)
	at com.olvind.tso.scalajs.transforms.Companions$.generateModule(Companions.scala:55)
	at com.olvind.tso.scalajs.transforms.Companions$.$anonfun$enterContainerTree$4(Companions.scala:44)
	at scala.collection.TraversableLike.$anonfun$flatMap$1(TraversableLike.scala:244)
	at scala.collection.immutable.List.foreach(List.scala:392)
	at scala.collection.TraversableLike.flatMap(TraversableLike.scala:244)
	at scala.collection.TraversableLike.flatMap$(TraversableLike.scala:241)
	at scala.collection.immutable.List.flatMap(List.scala:355)
	at com.olvind.tso.scalajs.transforms.Companions$.enterContainerTree(Companions.scala:40)
	at com.olvind.tso.scalajs.TreeTransformation$$anon$1.enterContainerTree(TreeTransformation.scala:216)
	at com.olvind.tso.scalajs.TreeTransformation.visitContainerTree(TreeTransformation.scala:185)
	at com.olvind.tso.scalajs.TreeTransformation.visitTree(TreeTransformation.scala:200)
	at com.olvind.tso.scalajs.TreeTransformation.$anonfun$visitPackageTree$1(TreeTransformation.scala:121)
	at scala.collection.TraversableLike.$anonfun$map$1(TraversableLike.scala:237)
	at scala.collection.immutable.List.foreach(List.scala:392)
	at scala.collection.TraversableLike.map(TraversableLike.scala:237)
	at scala.collection.TraversableLike.map$(TraversableLike.scala:230)
	at scala.collection.immutable.List.map(List.scala:298)
	at com.olvind.tso.scalajs.TreeTransformation.visitPackageTree(TreeTransformation.scala:121)
	at com.olvind.tso.scalajs.TreeTransformation.visitContainerTree(TreeTransformation.scala:186)
	at com.olvind.tso.importer.Phase2ToScalaJs.$anonfun$apply$10(Phase2ToScalaJs.scala:52)
	at com.olvind.tso.importer.Phase2ToScalaJs.$anonfun$apply$15(Phase2ToScalaJs.scala:61)
	at scala.collection.LinearSeqOptimized.foldLeft(LinearSeqOptimized.scala:126)
	at scala.collection.LinearSeqOptimized.foldLeft$(LinearSeqOptimized.scala:122)
	at scala.collection.immutable.List.foldLeft(List.scala:89)
	at com.olvind.tso.importer.Phase2ToScalaJs.$anonfun$apply$3(Phase2ToScalaJs.scala:60)
	at com.olvind.tso.phases.PhaseRes.map(PhaseRes.scala:16)
	at com.olvind.tso.phases.PhaseRes.map$(PhaseRes.scala:14)
	at com.olvind.tso.phases.PhaseRes$Ok.map(PhaseRes.scala:30)
	at com.olvind.tso.importer.Phase2ToScalaJs.apply(Phase2ToScalaJs.scala:30)
	at com.olvind.tso.importer.Phase2ToScalaJs.apply(Phase2ToScalaJs.scala:12)
	at com.olvind.tso.phases.PhaseRunner$.$anonfun$doNext$5(PhaseRunner.scala:76)
	at com.olvind.tso.phases.PhaseRes$.attempt(PhaseRes.scala:71)
	at com.olvind.tso.phases.PhaseRunner$.$anonfun$doNext$4(PhaseRunner.scala:76)
	at com.olvind.tso.phases.PhaseRes.flatMap(PhaseRes.scala:23)
	at com.olvind.tso.phases.PhaseRes.flatMap$(PhaseRes.scala:21)
	at com.olvind.tso.phases.PhaseRes$Ok.flatMap(PhaseRes.scala:30)
	at com.olvind.tso.phases.PhaseRunner$.$anonfun$doNext$1(PhaseRunner.scala:76)
	at com.olvind.tso.phases.PhaseRunner$.$anonfun$doNext$1$adapted(PhaseRunner.scala:47)
	at com.olvind.tso.phases.PhaseCache.$anonfun$getOrElse$1(PhaseCache.scala:40)
	at scala.Option.foreach(Option.scala:274)
	at com.olvind.tso.phases.PhaseCache.getOrElse(PhaseCache.scala:39)
	at com.olvind.tso.phases.PhaseRunner$.doNext(PhaseRunner.scala:47)
	at com.olvind.tso.phases.PhaseRunner$.go(PhaseRunner.scala:28)
	at com.olvind.tso.phases.PhaseRunner$.$anonfun$doNext$1(PhaseRunner.scala:52)
	at com.olvind.tso.phases.PhaseRunner$.$anonfun$doNext$1$adapted(PhaseRunner.scala:47)
	at com.olvind.tso.phases.PhaseCache.$anonfun$getOrElse$1(PhaseCache.scala:40)
	at scala.Option.foreach(Option.scala:274)
	at com.olvind.tso.phases.PhaseCache.getOrElse(PhaseCache.scala:39)
	at com.olvind.tso.phases.PhaseRunner$.doNext(PhaseRunner.scala:47)
	at com.olvind.tso.phases.PhaseRunner$.go(PhaseRunner.scala:28)
	at com.olvind.tso.importer.Main$.$anonfun$results$1(Main.scala:198)
	at scala.collection.parallel.AugmentedIterableIterator.map2combiner(RemainsIterator.scala:116)
	at scala.collection.parallel.AugmentedIterableIterator.map2combiner$(RemainsIterator.scala:113)
	at scala.collection.parallel.immutable.ParVector$ParVectorIterator.map2combiner(ParVector.scala:66)
	at scala.collection.parallel.ParIterableLike$Map.leaf(ParIterableLike.scala:1056)
	at scala.collection.parallel.Task.$anonfun$tryLeaf$1(Tasks.scala:53)
	at scala.runtime.java8.JFunction0$mcV$sp.apply(JFunction0$mcV$sp.java:23)
	at scala.util.control.Breaks$$anon$1.catchBreak(Breaks.scala:67)
	at scala.collection.parallel.Task.tryLeaf(Tasks.scala:56)
	at scala.collection.parallel.Task.tryLeaf$(Tasks.scala:50)
	at scala.collection.parallel.ParIterableLike$Map.tryLeaf(ParIterableLike.scala:1053)
	at scala.collection.parallel.AdaptiveWorkStealingTasks$WrappedTask.internal(Tasks.scala:170)
	at scala.collection.parallel.AdaptiveWorkStealingTasks$WrappedTask.internal$(Tasks.scala:157)
	at scala.collection.parallel.AdaptiveWorkStealingForkJoinTasks$WrappedTask.internal(Tasks.scala:440)
	at scala.collection.parallel.AdaptiveWorkStealingTasks$WrappedTask.compute(Tasks.scala:150)
	at scala.collection.parallel.AdaptiveWorkStealingTasks$WrappedTask.compute$(Tasks.scala:149)
	at scala.collection.parallel.AdaptiveWorkStealingForkJoinTasks$WrappedTask.compute(Tasks.scala:440)
	at java.util.concurrent.RecursiveAction.exec(RecursiveAction.java:189)
	at java.util.concurrent.ForkJoinTask.doExec(ForkJoinTask.java:289)
	at java.util.concurrent.ForkJoinPool$WorkQueue.runTask(ForkJoinPool.java:1056)
	at java.util.concurrent.ForkJoinPool.runWorker(ForkJoinPool.java:1692)
	at java.util.concurrent.ForkJoinWorkerThread.run(ForkJoinWorkerThread.java:157)

[error] PhaseRunner.scala:86 Failure, [gettext.js => java.util.NoSuchElementException: next on empty iterator] [id => gettext.js, phase => scala.js] 
[error] PhaseRunner.scala:86 Failure, [gettext.js => java.util.NoSuchElementException: next on empty iterator] [id => gettext.js, phase => build] 
