[info ] InferredDependency.scala:20 Inferred dependencies Set(TsIdentLibrarySimple(node)) for TsIdentLibrarySimple(ionic) [id => ionic, phase => typescript, file => ../node_modules/ionic/definitions.d.ts] 
[debug] PhaseRunner.scala:90 Ignored [id => ionic, phase => typescript] 
[debug] PhaseRunner.scala:82 Success [id => ionic, phase => typescript] 
[debug] PhaseRunner.scala:82 Success [id => ionic, phase => typescript] 
[debug] PhaseRunner.scala:82 Success [id => ionic, phase => typescript] 
[info ] InferredDependency.scala:20 Inferred dependencies Set(TsIdentLibrarySimple(node)) for TsIdentLibrarySimple(ionic) [id => ionic, phase => typescript, file => ../ionic/lib/serve.d.ts] 
[debug] PhaseRunner.scala:82 Success [id => ionic, phase => typescript] 
[debug] PhaseRunner.scala:82 Success [id => ionic, phase => typescript] 
[debug] PhaseRunner.scala:82 Success [id => ionic, phase => typescript] 
[debug] PhaseRunner.scala:82 Success [id => ionic, phase => typescript] 
[debug] PhaseRunner.scala:82 Success [id => ionic, phase => typescript] 
[debug] PhaseRunner.scala:82 Success [id => ionic, phase => typescript] 
[debug] PhaseRunner.scala:82 Success [id => ionic, phase => typescript] 
[info ] InferredDependency.scala:20 Inferred dependencies Set(TsIdentLibrarySimple(node)) for TsIdentLibrarySimple(ionic) [id => ionic, phase => typescript, file => ../ionic/lib/executor.d.ts] 
[debug] PhaseRunner.scala:82 Success [id => ionic, phase => typescript] 
[debug] PhaseRunner.scala:82 Success [id => ionic, phase => typescript] 
[info ] Phase1ReadTypescript.scala:160 Preprocessing TsHelperFile(InFile(/home/olvind/tmp/tso-cache/npm/node_modules/ionic/constants.d.ts),FromFolder(InFolder(/home/olvind/tmp/tso-cache/npm/node_modules/ionic),TsIdentLibrarySimple(ionic)),TsIdentModule(None,List(ionic, constants))) [id => ionic, phase => typescript] 
[info ] InferredDefaultModule.scala:39 Inferred module TsIdentModule(None,List(ionic, constants)) [id => ionic, phase => typescript] 
[info ] Phase1ReadTypescript.scala:160 Preprocessing TsHelperFile(InFile(/home/olvind/tmp/tso-cache/npm/node_modules/ionic/definitions.d.ts),FromFolder(InFolder(/home/olvind/tmp/tso-cache/npm/node_modules/ionic),TsIdentLibrarySimple(ionic)),TsIdentModule(None,List(ionic, definitions))) [id => ionic, phase => typescript] 
[info ] InferredDefaultModule.scala:39 Inferred module TsIdentModule(None,List(ionic, definitions)) [id => ionic, phase => typescript] 
[info ] Phase1ReadTypescript.scala:160 Preprocessing TsHelperFile(InFile(/home/olvind/tmp/tso-cache/npm/node_modules/ionic/guards.d.ts),FromFolder(InFolder(/home/olvind/tmp/tso-cache/npm/node_modules/ionic),TsIdentLibrarySimple(ionic)),TsIdentModule(None,List(ionic, guards))) [id => ionic, phase => typescript] 
[info ] InferredDefaultModule.scala:39 Inferred module TsIdentModule(None,List(ionic, guards)) [id => ionic, phase => typescript] 
[info ] Phase1ReadTypescript.scala:160 Preprocessing TsHelperFile(InFile(/home/olvind/tmp/tso-cache/npm/node_modules/ionic/index.d.ts),FromFolder(InFolder(/home/olvind/tmp/tso-cache/npm/node_modules/ionic),TsIdentLibrarySimple(ionic)),TsIdentModule(None,List(ionic))) [id => ionic, phase => typescript] 
[info ] InferredDefaultModule.scala:39 Inferred module TsIdentModule(None,List(ionic)) [id => ionic, phase => typescript] 
[info ] Phase1ReadTypescript.scala:160 Preprocessing TsHelperFile(InFile(/home/olvind/tmp/tso-cache/npm/node_modules/ionic/lib/auth.d.ts),FromFolder(InFolder(/home/olvind/tmp/tso-cache/npm/node_modules/ionic),TsIdentLibrarySimple(ionic)),TsIdentModule(None,List(ionic, lib, auth))) [id => ionic, phase => typescript] 
[info ] InferredDefaultModule.scala:39 Inferred module TsIdentModule(None,List(ionic, lib, auth)) [id => ionic, phase => typescript] 
[info ] Phase1ReadTypescript.scala:160 Preprocessing TsHelperFile(InFile(/home/olvind/tmp/tso-cache/npm/node_modules/ionic/lib/build.d.ts),FromFolder(InFolder(/home/olvind/tmp/tso-cache/npm/node_modules/ionic),TsIdentLibrarySimple(ionic)),TsIdentModule(None,List(ionic, lib, build))) [id => ionic, phase => typescript] 
[info ] InferredDefaultModule.scala:39 Inferred module TsIdentModule(None,List(ionic, lib, build)) [id => ionic, phase => typescript] 
[info ] Phase1ReadTypescript.scala:160 Preprocessing TsHelperFile(InFile(/home/olvind/tmp/tso-cache/npm/node_modules/ionic/lib/errors.d.ts),FromFolder(InFolder(/home/olvind/tmp/tso-cache/npm/node_modules/ionic),TsIdentLibrarySimple(ionic)),TsIdentModule(None,List(ionic, lib, errors))) [id => ionic, phase => typescript] 
[info ] InferredDefaultModule.scala:39 Inferred module TsIdentModule(None,List(ionic, lib, errors)) [id => ionic, phase => typescript] 
[info ] Phase1ReadTypescript.scala:160 Preprocessing TsHelperFile(InFile(/home/olvind/tmp/tso-cache/npm/node_modules/ionic/lib/executor.d.ts),FromFolder(InFolder(/home/olvind/tmp/tso-cache/npm/node_modules/ionic),TsIdentLibrarySimple(ionic)),TsIdentModule(None,List(ionic, lib, executor))) [id => ionic, phase => typescript] 
[info ] InferredDefaultModule.scala:39 Inferred module TsIdentModule(None,List(ionic, lib, executor)) [id => ionic, phase => typescript] 
[info ] Phase1ReadTypescript.scala:160 Preprocessing TsHelperFile(InFile(/home/olvind/tmp/tso-cache/npm/node_modules/ionic/lib/generate.d.ts),FromFolder(InFolder(/home/olvind/tmp/tso-cache/npm/node_modules/ionic),TsIdentLibrarySimple(ionic)),TsIdentModule(None,List(ionic, lib, generate))) [id => ionic, phase => typescript] 
[info ] InferredDefaultModule.scala:39 Inferred module TsIdentModule(None,List(ionic, lib, generate)) [id => ionic, phase => typescript] 
[info ] Phase1ReadTypescript.scala:160 Preprocessing TsHelperFile(InFile(/home/olvind/tmp/tso-cache/npm/node_modules/ionic/lib/http.d.ts),FromFolder(InFolder(/home/olvind/tmp/tso-cache/npm/node_modules/ionic),TsIdentLibrarySimple(ionic)),TsIdentModule(None,List(ionic, lib, http))) [id => ionic, phase => typescript] 
[info ] InferredDefaultModule.scala:39 Inferred module TsIdentModule(None,List(ionic, lib, http)) [id => ionic, phase => typescript] 
[info ] Phase1ReadTypescript.scala:160 Preprocessing TsHelperFile(InFile(/home/olvind/tmp/tso-cache/npm/node_modules/ionic/lib/project/index.d.ts),FromFolder(InFolder(/home/olvind/tmp/tso-cache/npm/node_modules/ionic),TsIdentLibrarySimple(ionic)),TsIdentModule(None,List(ionic, lib, project))) [id => ionic, phase => typescript] 
[info ] InferredDefaultModule.scala:39 Inferred module TsIdentModule(None,List(ionic, lib, project)) [id => ionic, phase => typescript] 
[info ] Phase1ReadTypescript.scala:160 Preprocessing TsHelperFile(InFile(/home/olvind/tmp/tso-cache/npm/node_modules/ionic/lib/serve.d.ts),FromFolder(InFolder(/home/olvind/tmp/tso-cache/npm/node_modules/ionic),TsIdentLibrarySimple(ionic)),TsIdentModule(None,List(ionic, lib, serve))) [id => ionic, phase => typescript] 
[info ] InferredDefaultModule.scala:39 Inferred module TsIdentModule(None,List(ionic, lib, serve)) [id => ionic, phase => typescript] 
[warn ] Phase1ReadTypescript.scala:200 Processing TsIdentLibrarySimple(ionic) [id => ionic, phase => typescript] 
[warn ] QualifyReferences.scala:32 Couldn't qualify ShellCommandOptions [id => ionic, phase => typescript, scope => TreeScope(TsParsedFile() / TsDeclModule(ionic/definitions) / TsExport() / TsExporteeTree() / TsDeclInterface(IShell) / TsMemberFunction(cmdinfo) / TsFunSig() / TsFunParam() / TsTypeRef())] 
[info ] ExpandCallables.scala:51 Expanded ok into 1 methods [id => ionic, phase => typescript, scope => TreeScope(TsParsedFile() / TsDeclModule(ionic/definitions) / TsDeclInterface(ILogger))] 
[info ] ExpandCallables.scala:51 Expanded rawmsg into 1 methods [id => ionic, phase => typescript, scope => TreeScope(TsParsedFile() / TsDeclModule(ionic/definitions) / TsDeclInterface(ILogger))] 
[info ] ExpandCallables.scala:51 Expanded reqgen into 1 methods [id => ionic, phase => typescript, scope => TreeScope(TsParsedFile() / TsDeclModule(ionic/definitions) / TsDeclInterface(PaginatorDeps))] 
[info ] ExpandCallables.scala:51 Expanded guard into 1 methods [id => ionic, phase => typescript, scope => TreeScope(TsParsedFile() / TsDeclModule(ionic/definitions) / TsDeclInterface(PaginatorDeps))] 
[info ] PreferTypeAlias.scala:45 Simplified to type alias [id => ionic, phase => typescript, scope => TreeScope(TsParsedFile() / TsDeclModule(ionic/definitions) / TsDeclInterface(Ionic1BuildOptions))] 
[info ] PreferTypeAlias.scala:45 Simplified to type alias [id => ionic, phase => typescript, scope => TreeScope(TsParsedFile() / TsDeclModule(ionic/definitions) / TsDeclInterface(CustomBuildOptions))] 
[info ] PreferTypeAlias.scala:45 Simplified to type alias [id => ionic, phase => typescript, scope => TreeScope(TsParsedFile() / TsDeclModule(ionic/definitions) / TsDeclInterface(CustomServeOptions))] 
[info ] ExpandCallables.scala:51 Expanded prompt into 3 methods [id => ionic, phase => typescript, scope => TreeScope(TsParsedFile() / TsDeclModule(ionic/definitions) / TsDeclInterface(IonicEnvironment))] 
[info ] ExpandCallables.scala:51 Expanded prompt into 3 methods [id => ionic, phase => typescript, scope => TreeScope(TsParsedFile() / TsDeclModule(ionic/lib/build) / TsDeclInterface(BuildRunnerDeps))] 
[info ] ExpandCallables.scala:51 Expanded prompt into 3 methods [id => ionic, phase => typescript, scope => TreeScope(TsParsedFile() / TsDeclModule(ionic/lib/generate) / TsDeclInterface(GenerateRunnerDeps))] 
[info ] ExpandCallables.scala:51 Expanded reqgen into 1 methods [id => ionic, phase => typescript, scope => TreeScope(TsParsedFile() / TsDeclModule(ionic/lib/http) / TsDeclClass(Paginator))] 
[info ] ExpandCallables.scala:51 Expanded guard into 1 methods [id => ionic, phase => typescript, scope => TreeScope(TsParsedFile() / TsDeclModule(ionic/lib/http) / TsDeclClass(Paginator))] 
[info ] ExpandCallables.scala:51 Expanded reqgen into 1 methods [id => ionic, phase => typescript, scope => TreeScope(TsParsedFile() / TsDeclModule(ionic/lib/http) / TsDeclClass(TokenPaginator))] 
[info ] ExpandCallables.scala:51 Expanded guard into 1 methods [id => ionic, phase => typescript, scope => TreeScope(TsParsedFile() / TsDeclModule(ionic/lib/http) / TsDeclClass(TokenPaginator))] 
[info ] ExpandCallables.scala:51 Expanded prompt into 3 methods [id => ionic, phase => typescript, scope => TreeScope(TsParsedFile() / TsDeclModule(ionic/lib/project) / TsDeclInterface(ProjectDeps))] 
[info ] ExpandCallables.scala:51 Expanded prompt into 3 methods [id => ionic, phase => typescript, scope => TreeScope(TsParsedFile() / TsDeclModule(ionic/lib/serve) / TsDeclInterface(ServeRunnerDeps))] 
[info ] ExtractInterfaces.scala:37 Extracted anonymous interface TsIdentSimple(Anon_Key) [id => ionic, phase => typescript, scope => TreeScope(TsParsedFile() / TsDeclModule(ionic/definitions) / TsDeclInterface(CordovaPackageJson) / TsMemberProperty(cordova) / TsTypeObject())] 
[info ] ExtractInterfaces.scala:37 Extracted anonymous interface TsIdentSimple(Anon_Dir) [id => ionic, phase => typescript, scope => TreeScope(TsParsedFile() / TsDeclModule(ionic/definitions) / TsDeclInterface(BaseHookContext) / TsMemberProperty(project) / TsTypeObject())] 
[info ] ExtractInterfaces.scala:37 Extracted anonymous interface TsIdentSimple(Anon_Android) [id => ionic, phase => typescript, scope => TreeScope(TsParsedFile() / TsDeclModule(ionic/definitions) / TsDeclInterface(SecurityProfile) / TsMemberProperty(credentials) / TsTypeObject())] 
[info ] ExtractInterfaces.scala:37 Extracted anonymous interface TsIdentSimple(Anon_Id) [id => ionic, phase => typescript, scope => TreeScope(TsParsedFile() / TsDeclModule(ionic/definitions) / TsDeclInterface(ISession) / TsMemberFunction(getUser) / TsFunSig() / TsTypeObject())] 
[info ] ExtractInterfaces.scala:37 Extracted anonymous interface TsIdentSimple(Anon_Req) [id => ionic, phase => typescript, scope => TreeScope(TsParsedFile() / TsDeclModule(ionic/definitions) / TsDeclInterface(IClient) / TsMemberFunction(make) / TsFunSig() / TsTypeRef() / TsTypeObject())] 
[info ] ExtractInterfaces.scala:37 Extracted anonymous interface TsIdentSimple(Anon_Req) [id => ionic, phase => typescript, scope => TreeScope(TsParsedFile() / TsDeclModule(ionic/definitions) / TsDeclTypeAlias(PaginatorRequestGenerator) / TsTypeFunction() / TsFunSig() / TsTypeRef() / TsTypeObject())] 
[info ] ExtractInterfaces.scala:37 Extracted anonymous interface TsIdentSimple(Anon_Req) [id => ionic, phase => typescript, scope => TreeScope(TsParsedFile() / TsDeclModule(ionic/definitions) / TsDeclInterface(PaginatorDeps) / TsMemberFunction(reqgen) / TsFunSig() / TsTypeRef() / TsTypeObject())] 
[info ] ExtractInterfaces.scala:37 Extracted anonymous interface TsIdentSimple(Anon_Address) [id => ionic, phase => typescript, scope => TreeScope(TsParsedFile() / TsDeclModule(ionic/definitions) / TsDeclInterface(DevAppDetails) / TsMemberProperty(interfaces) / TsTypeRef() / TsTypeObject())] 
[info ] ExtractInterfaces.scala:37 Extracted anonymous interface TsIdentSimple(Anon_Images) [id => ionic, phase => typescript, scope => TreeScope(TsParsedFile() / TsDeclModule(ionic/definitions) / TsDeclInterface(ResourcesPlatform) / TsMemberIndex() / TsTypeObject())] 
[info ] ExtractInterfaces.scala:37 Extracted anonymous interface TsIdentSimple(Anon_IdName) [id => ionic, phase => typescript, scope => TreeScope(TsParsedFile() / TsDeclModule(ionic/definitions) / TsDeclInterface(StarterList) / TsMemberProperty(starters) / TsTypeRef() / TsTypeObject())] 
[info ] ExtractInterfaces.scala:37 Extracted anonymous interface TsIdentSimple(Anon_IdNameIntegrationName) [id => ionic, phase => typescript, scope => TreeScope(TsParsedFile() / TsDeclModule(ionic/definitions) / TsDeclInterface(StarterList) / TsMemberProperty(integrations) / TsTypeRef() / TsTypeObject())] 
[info ] ExtractInterfaces.scala:37 Extracted anonymous interface TsIdentSimple(Anon_Args) [id => ionic, phase => typescript, scope => TreeScope(TsParsedFile() / TsDeclModule(ionic/definitions) / TsDeclInterface(IPCMessage) / TsMemberProperty(data) / TsTypeObject())] 
[info ] ExtractInterfaces.scala:37 Extracted anonymous interface TsIdentSimple(Anon_Req) [id => ionic, phase => typescript, scope => TreeScope(TsParsedFile() / TsDeclModule(ionic/lib/http) / TsDeclClass(Client) / TsMemberFunction(make) / TsFunSig() / TsTypeRef() / TsTypeObject())] 
[info ] ExtractInterfaces.scala:37 Extracted anonymous interface TsIdentSimple(Anon_Req) [id => ionic, phase => typescript, scope => TreeScope(TsParsedFile() / TsDeclModule(ionic/lib/http) / TsDeclClass(Paginator) / TsMemberFunction(reqgen) / TsFunSig() / TsTypeRef() / TsTypeObject())] 
[info ] ExtractInterfaces.scala:37 Extracted anonymous interface TsIdentSimple(Anon_Req) [id => ionic, phase => typescript, scope => TreeScope(TsParsedFile() / TsDeclModule(ionic/lib/http) / TsDeclClass(TokenPaginator) / TsMemberFunction(reqgen) / TsFunSig() / TsTypeRef() / TsTypeObject())] 
[info ] ExtractInterfaces.scala:37 Extracted anonymous interface TsIdentSimple(Anon_ConfigPath) [id => ionic, phase => typescript, scope => TreeScope(TsParsedFile() / TsDeclModule(ionic/lib/project) / TsDeclTypeAlias(ProjectDetailsResult) / TsTypeIntersect() / TsTypeObject())] 
[debug] PhaseRunner.scala:82 Success [id => ionic, phase => typescript] 
[warn ] PhaseRunner.scala:68 Failed because of, [tar => java.util.NoSuchElementException: next on empty iterator] [id => ionic, phase => scala.js] 
[error] PhaseRunner.scala:86 Failure, [tar => java.util.NoSuchElementException: next on empty iterator] [id => ionic, phase => scala.js] 
[error] PhaseRunner.scala:86 Failure, [tar => java.util.NoSuchElementException: next on empty iterator] [id => ionic, phase => build] 
