[info ] InferredDependency.scala:20 Inferred dependencies Set(TsIdentLibrarySimple(react)) for TsIdentLibrarySimple(react-native-video) [id => react-native-video, phase => typescript, file => ../types/react-native-video/index.d.ts] 
[debug] PhaseRunner.scala:82 Success [id => react-native-video, phase => typescript] 
[info ] Phase1ReadTypescript.scala:160 Preprocessing TsHelperFile(InFile(/home/olvind/tmp/tso-cache/DefinitelyTyped/types/react-native-video/index.d.ts),FromFolder(InFolder(/home/olvind/tmp/tso-cache/DefinitelyTyped/types/react-native-video),TsIdentLibrarySimple(react-native-video)),TsIdentModule(None,List(react-native-video))) [id => react-native-video, phase => typescript] 
[info ] InferredDefaultModule.scala:39 Inferred module TsIdentModule(None,List(react-native-video)) [id => react-native-video, phase => typescript] 
[warn ] Phase1ReadTypescript.scala:200 Processing TsIdentLibrarySimple(react-native-video) [id => react-native-video, phase => typescript] 
[info ] ExtractInterfaces.scala:37 Extracted anonymous interface TsIdentSimple(Anon_Height) [id => react-native-video, phase => typescript, scope => TreeScope(TsParsedFile() / TsDeclModule(react-native-video) / TsDeclInterface(OnLoadData) / TsMemberProperty(naturalSize) / TsTypeObject())] 
[info ] ExtractInterfaces.scala:37 Extracted anonymous interface TsIdentSimple(Anon_) [id => react-native-video, phase => typescript, scope => TreeScope(TsParsedFile() / TsDeclModule(react-native-video) / TsDeclInterface(LoadError) / TsMemberProperty(error) / TsTypeObject())] 
[info ] ExtractInterfaces.scala:37 Extracted anonymous interface TsIdentSimple(Anon_Applicationttmlxml) [id => react-native-video, phase => typescript, scope => TreeScope(TsParsedFile() / TsDeclModule(react-native-video) / TsDeclVar(TextTrackType) / TsTypeObject())] 
[info ] ExtractInterfaces.scala:37 Extracted anonymous interface TsIdentSimple(Anon_Uri) [id => react-native-video, phase => typescript, scope => TreeScope(TsParsedFile() / TsDeclModule(react-native-video) / TsDeclInterface(VideoProperties) / TsMemberProperty(source) / TsTypeUnion() / TsTypeObject())] 
[info ] ExtractInterfaces.scala:37 Extracted anonymous interface TsIdentSimple(Anon_CurrentTime) [id => react-native-video, phase => typescript, scope => TreeScope(TsParsedFile() / TsDeclModule(react-native-video) / TsDeclInterface(VideoProperties) / TsMemberProperty(onProgress) / TsTypeFunction() / TsFunSig() / TsFunParam() / TsTypeObject())] 
[info ] ExtractInterfaces.scala:37 Extracted anonymous interface TsIdentSimple(Anon_Disabled) [id => react-native-video, phase => typescript, scope => TreeScope(TsParsedFile() / TsDeclModule(react-native-video) / TsDeclInterface(VideoProperties) / TsMemberProperty(selectedTextTrack) / TsTypeObject())] 
[info ] ExtractInterfaces.scala:37 Extracted anonymous interface TsIdentSimple(Anon_ApplicationttmlxmlApplicationxsubrip) [id => react-native-video, phase => typescript, scope => TreeScope(TsParsedFile() / TsDeclModule(react-native-video) / TsDeclInterface(VideoProperties) / TsMemberProperty(textTracks) / TsTypeRef() / TsTypeObject())] 
[debug] PhaseRunner.scala:82 Success [id => react-native-video, phase => typescript] 
[warn ] Phase2ToScalaJs.scala:40 Processing react-native-video [id => react-native-video, phase => scala.js] 
[error] PhaseRes.scala:76 Caught exception: next on empty iterator [id => react-native-video, phase => scala.js] java.util.NoSuchElementException: next on empty iterator
	at scala.collection.Iterator$$anon$2.next(Iterator.scala:41)
	at scala.collection.Iterator$$anon$2.next(Iterator.scala:39)
	at scala.collection.IndexedSeqLike$Elements.next(IndexedSeqLike.scala:63)
	at scala.collection.IterableLike.head(IterableLike.scala:109)
	at scala.collection.IterableLike.head$(IterableLike.scala:108)
	at scala.collection.immutable.StringOps.scala$collection$IndexedSeqOptimized$$super$head(StringOps.scala:33)
	at scala.collection.IndexedSeqOptimized.head(IndexedSeqOptimized.scala:129)
	at scala.collection.IndexedSeqOptimized.head$(IndexedSeqOptimized.scala:129)
	at scala.collection.immutable.StringOps.head(StringOps.scala:33)
	at com.olvind.tso.scalajs.ScalaNameEscape$.isValidIdentifier(ScalaNameEscape.scala:21)
	at com.olvind.tso.scalajs.transforms.Companions$.memberParameter(Companions.scala:239)
	at com.olvind.tso.scalajs.transforms.Companions$.$anonfun$generateModule$2(Companions.scala:55)
	at com.olvind.tso.scalajs.transforms.Companions$ByParent.$anonfun$mapNotNone$3(Companions.scala:126)
	at com.olvind.tso.maps$MapOps$.mapNotNone$extension(maps.scala:29)
	at com.olvind.tso.scalajs.transforms.Companions$ByParent.mapNotNone(Companions.scala:126)
	at com.olvind.tso.scalajs.transforms.Companions$.generateModule(Companions.scala:55)
	at com.olvind.tso.scalajs.transforms.Companions$.$anonfun$enterContainerTree$4(Companions.scala:44)
	at scala.collection.TraversableLike.$anonfun$flatMap$1(TraversableLike.scala:244)
	at scala.collection.immutable.List.foreach(List.scala:392)
	at scala.collection.TraversableLike.flatMap(TraversableLike.scala:244)
	at scala.collection.TraversableLike.flatMap$(TraversableLike.scala:241)
	at scala.collection.immutable.List.flatMap(List.scala:355)
	at com.olvind.tso.scalajs.transforms.Companions$.enterContainerTree(Companions.scala:40)
	at com.olvind.tso.scalajs.TreeTransformation$$anon$1.enterContainerTree(TreeTransformation.scala:216)
	at com.olvind.tso.scalajs.TreeTransformation.visitContainerTree(TreeTransformation.scala:185)
	at com.olvind.tso.importer.Phase2ToScalaJs.$anonfun$apply$10(Phase2ToScalaJs.scala:52)
	at com.olvind.tso.importer.Phase2ToScalaJs.$anonfun$apply$15(Phase2ToScalaJs.scala:61)
	at scala.collection.LinearSeqOptimized.foldLeft(LinearSeqOptimized.scala:126)
	at scala.collection.LinearSeqOptimized.foldLeft$(LinearSeqOptimized.scala:122)
	at scala.collection.immutable.List.foldLeft(List.scala:89)
	at com.olvind.tso.importer.Phase2ToScalaJs.$anonfun$apply$3(Phase2ToScalaJs.scala:60)
	at com.olvind.tso.phases.PhaseRes.map(PhaseRes.scala:16)
	at com.olvind.tso.phases.PhaseRes.map$(PhaseRes.scala:14)
	at com.olvind.tso.phases.PhaseRes$Ok.map(PhaseRes.scala:30)
	at com.olvind.tso.importer.Phase2ToScalaJs.apply(Phase2ToScalaJs.scala:30)
	at com.olvind.tso.importer.Phase2ToScalaJs.apply(Phase2ToScalaJs.scala:12)
	at com.olvind.tso.phases.PhaseRunner$.$anonfun$doNext$5(PhaseRunner.scala:76)
	at com.olvind.tso.phases.PhaseRes$.attempt(PhaseRes.scala:71)
	at com.olvind.tso.phases.PhaseRunner$.$anonfun$doNext$4(PhaseRunner.scala:76)
	at com.olvind.tso.phases.PhaseRes.flatMap(PhaseRes.scala:23)
	at com.olvind.tso.phases.PhaseRes.flatMap$(PhaseRes.scala:21)
	at com.olvind.tso.phases.PhaseRes$Ok.flatMap(PhaseRes.scala:30)
	at com.olvind.tso.phases.PhaseRunner$.$anonfun$doNext$1(PhaseRunner.scala:76)
	at com.olvind.tso.phases.PhaseRunner$.$anonfun$doNext$1$adapted(PhaseRunner.scala:47)
	at com.olvind.tso.phases.PhaseCache.$anonfun$getOrElse$1(PhaseCache.scala:40)
	at scala.Option.foreach(Option.scala:274)
	at com.olvind.tso.phases.PhaseCache.getOrElse(PhaseCache.scala:39)
	at com.olvind.tso.phases.PhaseRunner$.doNext(PhaseRunner.scala:47)
	at com.olvind.tso.phases.PhaseRunner$.go(PhaseRunner.scala:28)
	at com.olvind.tso.phases.PhaseRunner$.$anonfun$doNext$1(PhaseRunner.scala:52)
	at com.olvind.tso.phases.PhaseRunner$.$anonfun$doNext$1$adapted(PhaseRunner.scala:47)
	at com.olvind.tso.phases.PhaseCache.$anonfun$getOrElse$1(PhaseCache.scala:40)
	at scala.Option.foreach(Option.scala:274)
	at com.olvind.tso.phases.PhaseCache.getOrElse(PhaseCache.scala:39)
	at com.olvind.tso.phases.PhaseRunner$.doNext(PhaseRunner.scala:47)
	at com.olvind.tso.phases.PhaseRunner$.go(PhaseRunner.scala:28)
	at com.olvind.tso.importer.Main$.$anonfun$results$1(Main.scala:198)
	at scala.collection.parallel.AugmentedIterableIterator.map2combiner(RemainsIterator.scala:116)
	at scala.collection.parallel.AugmentedIterableIterator.map2combiner$(RemainsIterator.scala:113)
	at scala.collection.parallel.immutable.ParVector$ParVectorIterator.map2combiner(ParVector.scala:66)
	at scala.collection.parallel.ParIterableLike$Map.leaf(ParIterableLike.scala:1056)
	at scala.collection.parallel.Task.$anonfun$tryLeaf$1(Tasks.scala:53)
	at scala.runtime.java8.JFunction0$mcV$sp.apply(JFunction0$mcV$sp.java:23)
	at scala.util.control.Breaks$$anon$1.catchBreak(Breaks.scala:67)
	at scala.collection.parallel.Task.tryLeaf(Tasks.scala:56)
	at scala.collection.parallel.Task.tryLeaf$(Tasks.scala:50)
	at scala.collection.parallel.ParIterableLike$Map.tryLeaf(ParIterableLike.scala:1053)
	at scala.collection.parallel.AdaptiveWorkStealingTasks$WrappedTask.internal(Tasks.scala:160)
	at scala.collection.parallel.AdaptiveWorkStealingTasks$WrappedTask.internal$(Tasks.scala:157)
	at scala.collection.parallel.AdaptiveWorkStealingForkJoinTasks$WrappedTask.internal(Tasks.scala:440)
	at scala.collection.parallel.AdaptiveWorkStealingTasks$WrappedTask.compute(Tasks.scala:150)
	at scala.collection.parallel.AdaptiveWorkStealingTasks$WrappedTask.compute$(Tasks.scala:149)
	at scala.collection.parallel.AdaptiveWorkStealingForkJoinTasks$WrappedTask.compute(Tasks.scala:440)
	at java.util.concurrent.RecursiveAction.exec(RecursiveAction.java:189)
	at java.util.concurrent.ForkJoinTask.doExec(ForkJoinTask.java:289)
	at java.util.concurrent.ForkJoinPool.helpStealer(ForkJoinPool.java:1958)
	at java.util.concurrent.ForkJoinPool.awaitJoin(ForkJoinPool.java:2047)
	at java.util.concurrent.ForkJoinTask.doJoin(ForkJoinTask.java:390)
	at java.util.concurrent.ForkJoinTask.join(ForkJoinTask.java:719)
	at scala.collection.parallel.ForkJoinTasks$WrappedTask.sync(Tasks.scala:379)
	at scala.collection.parallel.ForkJoinTasks$WrappedTask.sync$(Tasks.scala:379)
	at scala.collection.parallel.AdaptiveWorkStealingForkJoinTasks$WrappedTask.sync(Tasks.scala:440)
	at scala.collection.parallel.AdaptiveWorkStealingTasks$WrappedTask.internal(Tasks.scala:174)
	at scala.collection.parallel.AdaptiveWorkStealingTasks$WrappedTask.internal$(Tasks.scala:157)
	at scala.collection.parallel.AdaptiveWorkStealingForkJoinTasks$WrappedTask.internal(Tasks.scala:440)
	at scala.collection.parallel.AdaptiveWorkStealingTasks$WrappedTask.compute(Tasks.scala:150)
	at scala.collection.parallel.AdaptiveWorkStealingTasks$WrappedTask.compute$(Tasks.scala:149)
	at scala.collection.parallel.AdaptiveWorkStealingForkJoinTasks$WrappedTask.compute(Tasks.scala:440)
	at java.util.concurrent.RecursiveAction.exec(RecursiveAction.java:189)
	at java.util.concurrent.ForkJoinTask.doExec(ForkJoinTask.java:289)
	at java.util.concurrent.ForkJoinPool$WorkQueue.runTask(ForkJoinPool.java:1056)
	at java.util.concurrent.ForkJoinPool.runWorker(ForkJoinPool.java:1692)
	at java.util.concurrent.ForkJoinWorkerThread.run(ForkJoinWorkerThread.java:157)

[error] PhaseRunner.scala:86 Failure, [react-native-video => java.util.NoSuchElementException: next on empty iterator] [id => react-native-video, phase => scala.js] 
[error] PhaseRunner.scala:86 Failure, [react-native-video => java.util.NoSuchElementException: next on empty iterator] [id => react-native-video, phase => build] 
